<?xml version="1.0" encoding="UTF-8"?>
<testsuite xmlns:xsi="http://www.w3.org/2001/XMLSchema-instance" xsi:noNamespaceSchemaLocation="https://maven.apache.org/surefire/maven-surefire-plugin/xsd/surefire-test-report.xsd" name="TestSuite" time="0.753" tests="4" errors="0" skipped="0" failures="0">
  <properties>
[...]
</properties>
  <testcase name="unitLevel1" classname="com.java.DELLPKG.AppTest1" time="0.025"/>
  <testcase name="unitLevel1" classname="com.java.DELLPKG.AppTest2" time="0"/>
  <testcase name="unitLevel1" classname="com.java.DELLPKG.AppTest3" time="0"/>
  <testcase name="unitlevel1" classname="com.java.DELLPKG.AppTest" time="0"/>
</testsuite>