<?xml version="1.0" encoding="UTF-8"?>
<!-- Generated by org.testng.reporters.JUnitXMLReporter -->
<testsuite hostname="ip-192-168-122-27.us-east-2.compute.internal" name="Regression suite 1" tests="4" failures="0" timestamp="8 Jun 2019 15:38:15 GMT" time="0.057" errors="0">
  <testcase name="unitLevel1" time="0.023" classname="com.java.DELLPKG.AppTest1"/>
  <testcase name="unitLevel1" time="0.0" classname="com.java.DELLPKG.AppTest2"/>
  <testcase name="unitLevel1" time="0.001" classname="com.java.DELLPKG.AppTest3"/>
  <testcase name="unitlevel1" time="0.0" classname="com.java.DELLPKG.AppTest"/>
</testsuite> <!-- Regression suite 1 -->
